
=======Processing food item: mushrooms_fruitveg81 item = 1 ===================
Adding simple attributes...(name, ingredients, description, source link)
Adding nutrients and his values as sub-resources...
Linking food resource to USDA dataset resource...
✅ Finished processing mushrooms_fruitveg81

=======Processing food item: peaches_fruitveg81 item = 2 ===================
Adding simple attributes...(name, ingredients, description, source link)
Adding nutrients and his values as sub-resources...
Linking food resource to USDA dataset resource...
✅ Finished processing peaches_fruitveg81

=======Processing food item: nectarines_fruitveg81 item = 3 ===================
Adding simple attributes...(name, ingredients, description, source link)
Adding nutrients and his values as sub-resources...
Linking food resource to USDA dataset resource...
✅ Finished processing nectarines_fruitveg81

=======Processing food item: avocados_fruitveg81 item = 4 ===================
Adding simple attributes...(name, ingredients, description, source link)
Adding nutrients and his values as sub-resources...
Linking food resource to USDA dataset resource...
✅ Finished processing avocados_fruitveg81

=======Processing food item: bananas,_dehydrated,_or_banana_powder_fruitveg81 item = 5 ===================
Adding simple attributes...(name, ingredients, description, source link)
Adding nutrients and his values as sub-resources...
Linking food resource to USDA dataset resource...
✅ Finished processing bananas,_dehydrated,_or_banana_powder_fruitveg81

=======Processing food item: tomatoes,_raw_fruitveg81 item = 6 ===================
Adding simple attributes...(name, ingredients, description, source link)
Adding nutrients and his values as sub-resources...
Linking food resource to USDA dataset resource...
✅ Finished processing tomatoes,_raw_fruitveg81

All food items have been processed.
